<?xml version="1.0" encoding="UTF-8"?>
<testng-results ignored="0" total="3" passed="3" failed="0" skipped="0">
  <reporter-output>
  </reporter-output>
  <suite started-at="2023-07-23T16:25:49 IST" name="Default suite" finished-at="2023-07-23T16:25:49 IST" duration-ms="112">
    <groups>
    </groups>
    <test started-at="2023-07-23T16:25:49 IST" name="Default test" finished-at="2023-07-23T16:25:49 IST" duration-ms="112">
      <class name="demoqa.com.NewTest">
        <test-method is-config="true" signature="beforeSuite()[pri:0, instance:demoqa.com.NewTest@71ba6d4e]" started-at="2023-07-23T16:25:49 IST" name="beforeSuite" finished-at="2023-07-23T16:25:49 IST" duration-ms="10" status="PASS">
          <reporter-output>
          </reporter-output>
        </test-method> <!-- beforeSuite -->
        <test-method is-config="true" signature="beforeTest()[pri:0, instance:demoqa.com.NewTest@71ba6d4e]" started-at="2023-07-23T16:25:49 IST" name="beforeTest" finished-at="2023-07-23T16:25:49 IST" duration-ms="1" status="PASS">
          <reporter-output>
          </reporter-output>
        </test-method> <!-- beforeTest -->
        <test-method is-config="true" signature="beforeClass()[pri:0, instance:demoqa.com.NewTest@71ba6d4e]" started-at="2023-07-23T16:25:49 IST" name="beforeClass" finished-at="2023-07-23T16:25:49 IST" duration-ms="0" status="PASS">
          <reporter-output>
          </reporter-output>
        </test-method> <!-- beforeClass -->
        <test-method is-config="true" signature="beforeMethod()[pri:0, instance:demoqa.com.NewTest@71ba6d4e]" started-at="2023-07-23T16:25:49 IST" name="beforeMethod" finished-at="2023-07-23T16:25:49 IST" duration-ms="1" status="PASS">
          <reporter-output>
          </reporter-output>
        </test-method> <!-- beforeMethod -->
        <test-method signature="TC1()[pri:0, instance:demoqa.com.NewTest@71ba6d4e]" started-at="2023-07-23T16:25:49 IST" name="TC1" finished-at="2023-07-23T16:25:49 IST" duration-ms="8" status="PASS">
          <reporter-output>
          </reporter-output>
        </test-method> <!-- TC1 -->
        <test-method is-config="true" signature="afterMethod()[pri:0, instance:demoqa.com.NewTest@71ba6d4e]" started-at="2023-07-23T16:25:49 IST" name="afterMethod" finished-at="2023-07-23T16:25:49 IST" duration-ms="3" status="PASS">
          <reporter-output>
          </reporter-output>
        </test-method> <!-- afterMethod -->
        <test-method is-config="true" signature="beforeMethod()[pri:0, instance:demoqa.com.NewTest@71ba6d4e]" started-at="2023-07-23T16:25:49 IST" name="beforeMethod" finished-at="2023-07-23T16:25:49 IST" duration-ms="1" status="PASS">
          <reporter-output>
          </reporter-output>
        </test-method> <!-- beforeMethod -->
        <test-method signature="TC2()[pri:0, instance:demoqa.com.NewTest@71ba6d4e]" started-at="2023-07-23T16:25:49 IST" name="TC2" finished-at="2023-07-23T16:25:49 IST" duration-ms="4" status="PASS">
          <reporter-output>
          </reporter-output>
        </test-method> <!-- TC2 -->
        <test-method is-config="true" signature="afterMethod()[pri:0, instance:demoqa.com.NewTest@71ba6d4e]" started-at="2023-07-23T16:25:49 IST" name="afterMethod" finished-at="2023-07-23T16:25:49 IST" duration-ms="1" status="PASS">
          <reporter-output>
          </reporter-output>
        </test-method> <!-- afterMethod -->
        <test-method is-config="true" signature="beforeMethod()[pri:0, instance:demoqa.com.NewTest@71ba6d4e]" started-at="2023-07-23T16:25:49 IST" name="beforeMethod" finished-at="2023-07-23T16:25:49 IST" duration-ms="1" status="PASS">
          <reporter-output>
          </reporter-output>
        </test-method> <!-- beforeMethod -->
        <test-method signature="TC3()[pri:0, instance:demoqa.com.NewTest@71ba6d4e]" started-at="2023-07-23T16:25:49 IST" name="TC3" finished-at="2023-07-23T16:25:49 IST" duration-ms="5" status="PASS">
          <reporter-output>
          </reporter-output>
        </test-method> <!-- TC3 -->
        <test-method is-config="true" signature="afterMethod()[pri:0, instance:demoqa.com.NewTest@71ba6d4e]" started-at="2023-07-23T16:25:49 IST" name="afterMethod" finished-at="2023-07-23T16:25:49 IST" duration-ms="1" status="PASS">
          <reporter-output>
          </reporter-output>
        </test-method> <!-- afterMethod -->
        <test-method is-config="true" signature="afterClass()[pri:0, instance:demoqa.com.NewTest@71ba6d4e]" started-at="2023-07-23T16:25:49 IST" name="afterClass" finished-at="2023-07-23T16:25:49 IST" duration-ms="1" status="PASS">
          <reporter-output>
          </reporter-output>
        </test-method> <!-- afterClass -->
        <test-method is-config="true" signature="afterTest()[pri:0, instance:demoqa.com.NewTest@71ba6d4e]" started-at="2023-07-23T16:25:49 IST" name="afterTest" finished-at="2023-07-23T16:25:49 IST" duration-ms="5" status="PASS">
          <reporter-output>
          </reporter-output>
        </test-method> <!-- afterTest -->
        <test-method is-config="true" signature="afterSuite()[pri:0, instance:demoqa.com.NewTest@71ba6d4e]" started-at="2023-07-23T16:25:49 IST" name="afterSuite" finished-at="2023-07-23T16:25:49 IST" duration-ms="4" status="PASS">
          <reporter-output>
          </reporter-output>
        </test-method> <!-- afterSuite -->
      </class> <!-- demoqa.com.NewTest -->
    </test> <!-- Default test -->
  </suite> <!-- Default suite -->
</testng-results>
